<?xml version="1.0" encoding="UTF-8"?>
<!-- Generated by org.testng.reporters.JUnitReportReporter -->
<testsuite hostname="DESKTOP-0N88LAP" failures="0" tests="1" name="TestScripts.SampleScreenshot" time="18.731" errors="0" timestamp="2021-03-12T15:24:41 IST" skipped="0">
  <testcase classname="TestScripts.SampleScreenshot" name="Fullpagescreenshot" time="18.731"/>
  <system-out/>
</testsuite> <!-- TestScripts.SampleScreenshot -->
