<?xml version="1.0" encoding="UTF-8"?>
<!-- Generated by org.testng.reporters.JUnitReportReporter -->
<testsuite hostname="DESKTOP-0N88LAP" failures="0" tests="4" name="TestScripts.TC_GoogleSearch_01" time="24.036" errors="0" timestamp="2021-03-12T13:43:10 IST" skipped="0">
  <testcase classname="TestScripts.TC_GoogleSearch_01" name="searchItem" time="7.008"/>
  <system-out>
automation testing automation testing tools automation testing interview questions automation testing tools list automation testing jobs automation testing jobs in hyderabad automation testing tutorial automation testing jobs in bangalore automation testing means automation testing types  Automation Testing - Google Search  </system-out>
  <testcase classname="TestScripts.TC_GoogleSearch_01" name="searchItem" time="6.828"/>
  <system-out>
performance testing performance testing tools performance testing services performance testing interview questions performance testing automation framework performance testing jobs in hyderabad performance testing jobs in bangalore performance testing life cycle performance testing types performance testing in software testing  Performance Testing - Google Search  </system-out>
  <testcase classname="TestScripts.TC_GoogleSearch_01" name="searchItem" time="5.618"/>
  <system-out>
software testing software testing methodologies software testing tools software testing services software testing life cycle software testing company software testing interview questions software testing techniques software testing tools pdf software testing types  Software Testing - Google Search  </system-out>
  <testcase classname="TestScripts.TC_GoogleSearch_01" name="searchItem" time="4.582"/>
  <system-out>
api testing api testing tools api testing software api testing interview questions api testing postman api testing software testing help api testing using postman api testing using selenium api testing means api testing jobs  API Testing - Google Search  </system-out>
</testsuite> <!-- TestScripts.TC_GoogleSearch_01 -->
